<?xml version="1.0" encoding="UTF-8"?>
<!-- Generated by org.testng.reporters.JUnitReportReporter -->
<testsuite hostname="DESKTOP-SO5U9F0" failures="0" tests="2" name="easyr.qa.testCases.EasyRDonationPageTest" time="20.632" errors="0" timestamp="2025-09-16T15:58:35 IST" skipped="0">
  <testcase classname="easyr.qa.testCases.EasyRDonationPageTest" name="createDonation" time="14.417"/>
  <testcase classname="easyr.qa.testCases.EasyRDonationPageTest" name="verifyCreatedDonationData" time="6.215"/>
</testsuite> <!-- easyr.qa.testCases.EasyRDonationPageTest -->
