<?xml version="1.0" encoding="UTF-8"?>
<!-- Generated by org.testng.reporters.JUnitReportReporter -->
<testsuite hostname="DESKTOP-SO5U9F0" failures="0" tests="2" name="easyr.qa.testCases.EasyRDonationPageTest" time="16.871" errors="0" timestamp="2025-09-18T16:05:55 IST" skipped="0">
  <testcase classname="easyr.qa.testCases.EasyRDonationPageTest" name="createDonation" time="12.597"/>
  <testcase classname="easyr.qa.testCases.EasyRDonationPageTest" name="verifyCreatedDonationData" time="4.274"/>
</testsuite> <!-- easyr.qa.testCases.EasyRDonationPageTest -->
