<?xml version="1.0" encoding="UTF-8"?>
<!-- Generated by org.testng.reporters.JUnitReportReporter -->
<testsuite hostname="DESKTOP-SO5U9F0" failures="0" tests="2" name="easyr.qa.testCases.EasyROrganizationPageTest" time="13.512" errors="0" timestamp="2025-09-18T16:05:55 IST" skipped="0">
  <testcase classname="easyr.qa.testCases.EasyROrganizationPageTest" name="createOrganization" time="10.219"/>
  <testcase classname="easyr.qa.testCases.EasyROrganizationPageTest" name="verifyCreatedOrganization" time="3.293"/>
</testsuite> <!-- easyr.qa.testCases.EasyROrganizationPageTest -->
