<?xml version="1.0" encoding="UTF-8"?>
<!-- Generated by org.testng.reporters.JUnitReportReporter -->
<testsuite hostname="DESKTOP-SO5U9F0" failures="0" tests="1" name="easyr.qa.testCases.EasyRVendorPageTest" time="41.986" errors="0" timestamp="2025-10-30T18:01:03 IST" skipped="0">
  <testcase classname="easyr.qa.testCases.EasyRVendorPageTest" name="verifyCreatVendor" time="41.986"/>
</testsuite> <!-- easyr.qa.testCases.EasyRVendorPageTest -->
