<?xml version="1.0" encoding="UTF-8"?>
<!-- Generated by org.testng.reporters.JUnitReportReporter -->
<testsuite hostname="DESKTOP-SO5U9F0" failures="0" tests="2" name="easyr.qa.testCases.EasyROffersAndDealsPageTest" time="47.690" errors="0" timestamp="2025-09-18T16:05:55 IST" skipped="0">
  <testcase classname="easyr.qa.testCases.EasyROffersAndDealsPageTest" name="verifyOffersAndDealsFlow" time="32.558"/>
  <testcase classname="easyr.qa.testCases.EasyROffersAndDealsPageTest" name="verifyDataAfterOfferCreation" time="15.132"/>
</testsuite> <!-- easyr.qa.testCases.EasyROffersAndDealsPageTest -->
