<?xml version="1.0" encoding="UTF-8"?>
<!-- Generated by org.testng.reporters.JUnitReportReporter -->
<testsuite hostname="DESKTOP-SO5U9F0" failures="0" tests="41" name="easyr.qa.testCases.EasyRVendorPageTest" time="263.616" errors="0" timestamp="2025-10-03T15:16:28 IST" skipped="0">
  <testcase classname="easyr.qa.testCases.EasyRVendorPageTest" name="verifyVendorLogoValidation" time="1.940"/>
  <testcase classname="easyr.qa.testCases.EasyRVendorPageTest" name="verifyVendorProfileValidation" time="1.956"/>
  <testcase classname="easyr.qa.testCases.EasyRVendorPageTest" name="verifyVendorNameValidation" time="1.867"/>
  <testcase classname="easyr.qa.testCases.EasyRVendorPageTest" name="verifyCompanyNameFieldValidation" time="1.981"/>
  <testcase classname="easyr.qa.testCases.EasyRVendorPageTest" name="verifyEmailFieldValidation" time="1.988"/>
  <testcase classname="easyr.qa.testCases.EasyRVendorPageTest" name="verifyInvalidEmailFieldValidation" time="3.065"/>
  <testcase classname="easyr.qa.testCases.EasyRVendorPageTest" name="verifyMobileFieldValidation" time="2.044"/>
  <testcase classname="easyr.qa.testCases.EasyRVendorPageTest" name="verifyMobileNoFieldBlankSpaceValidation" time="3.163"/>
  <testcase classname="easyr.qa.testCases.EasyRVendorPageTest" name="verifyInvalidMobileNoFieldValidation" time="3.103"/>
  <testcase classname="easyr.qa.testCases.EasyRVendorPageTest" name="verifySelectAddressFieldValidation" time="1.949"/>
  <testcase classname="easyr.qa.testCases.EasyRVendorPageTest" name="verifyVendorCategoryFieldValidation" time="2.027"/>
  <testcase classname="easyr.qa.testCases.EasyRVendorPageTest" name="verifyBlankCompanyWebsiteFieldValidation" time="1.965"/>
  <testcase classname="easyr.qa.testCases.EasyRVendorPageTest" name="verifyInvalidCompanyWebsiteFieldValidation" time="2.268"/>
  <testcase classname="easyr.qa.testCases.EasyRVendorPageTest" name="verifyParentVendorFieldValidation" time="2.080"/>
  <testcase classname="easyr.qa.testCases.EasyRVendorPageTest" name="verifyDescInEnglishFieldValidation" time="2.054"/>
  <testcase classname="easyr.qa.testCases.EasyRVendorPageTest" name="verifyDescInDanishFieldValidation" time="1.994"/>
  <testcase classname="easyr.qa.testCases.EasyRVendorPageTest" name="verifyDescInArabicFieldValidation" time="1.994"/>
  <testcase classname="easyr.qa.testCases.EasyRVendorPageTest" name="verifySearchTagsFieldValidation" time="1.972"/>
  <testcase classname="easyr.qa.testCases.EasyRVendorPageTest" name="verifyCreatVendor" time="38.470"/>
  <testcase classname="easyr.qa.testCases.EasyRVendorPageTest" name="verifyDisplayedVendorActiveStatusToggle" time="8.993"/>
  <testcase classname="easyr.qa.testCases.EasyRVendorPageTest" name="verifyDisplayedVendorViewIcon" time="5.923"/>
  <testcase classname="easyr.qa.testCases.EasyRVendorPageTest" name="verifyDisplayedVendorAnalystIcon" time="5.937"/>
  <testcase classname="easyr.qa.testCases.EasyRVendorPageTest" name="verifyDisplayedVendorQRCodeIcon" time="5.933"/>
  <testcase classname="easyr.qa.testCases.EasyRVendorPageTest" name="verifyDisplayedVendorEditIcon" time="6.008"/>
  <testcase classname="easyr.qa.testCases.EasyRVendorPageTest" name="verifyDisplayedChangePwdIcon" time="5.984"/>
  <testcase classname="easyr.qa.testCases.EasyRVendorPageTest" name="verifyDisplayedDeleteIcon" time="5.962"/>
  <testcase classname="easyr.qa.testCases.EasyRVendorPageTest" name="clickOnViewVendorIcon" time="8.923"/>
  <testcase classname="easyr.qa.testCases.EasyRVendorPageTest" name="verifyVendorDetailsPageVendorName" time="9.208"/>
  <testcase classname="easyr.qa.testCases.EasyRVendorPageTest" name="verifyVendorDetailsPageCompanyName" time="9.147"/>
  <testcase classname="easyr.qa.testCases.EasyRVendorPageTest" name="verifyVendorDetailsPageVendorEmail" time="9.203"/>
  <testcase classname="easyr.qa.testCases.EasyRVendorPageTest" name="verifyVendorDetailsPageVendorCode" time="9.143"/>
  <testcase classname="easyr.qa.testCases.EasyRVendorPageTest" name="verifyVendorDetailsDescInEng" time="9.148"/>
  <testcase classname="easyr.qa.testCases.EasyRVendorPageTest" name="verifyVendorDetailsDescInDan" time="9.679"/>
  <testcase classname="easyr.qa.testCases.EasyRVendorPageTest" name="verifyVendorDetailsDescInArab" time="9.235"/>
  <testcase classname="easyr.qa.testCases.EasyRVendorPageTest" name="verrifyVendorDetailsVendorReportsTxt" time="8.950"/>
  <testcase classname="easyr.qa.testCases.EasyRVendorPageTest" name="verifyVendorDetailsVendorFeedbackTxt" time="9.234"/>
  <testcase classname="easyr.qa.testCases.EasyRVendorPageTest" name="veirfyVendorDetailsVendorReportData" time="9.120"/>
  <testcase classname="easyr.qa.testCases.EasyRVendorPageTest" name="clickAndVerifyVendorDetailsUserReviews" time="9.026"/>
  <testcase classname="easyr.qa.testCases.EasyRVendorPageTest" name="verifyVendorDetailsUserReviewsData" time="9.399"/>
  <testcase classname="easyr.qa.testCases.EasyRVendorPageTest" name="verifyClickOnUpdateVendorBtn" time="10.118"/>
  <testcase classname="easyr.qa.testCases.EasyRVendorPageTest" name="verifyUpdateVendorValidations" time="11.463"/>
</testsuite> <!-- easyr.qa.testCases.EasyRVendorPageTest -->
