<?xml version="1.0" encoding="UTF-8"?>
<!-- Generated by org.testng.reporters.JUnitReportReporter -->
<testsuite hostname="DESKTOP-SO5U9F0" failures="0" tests="2" name="easyr.qa.testCases.EasyRCatchShopPageTest" time="23.677" errors="0" timestamp="2025-09-10T15:12:36 IST" skipped="0">
  <testcase classname="easyr.qa.testCases.EasyRCatchShopPageTest" name="verifyInventoryStoreProduct" time="21.538"/>
  <testcase classname="easyr.qa.testCases.EasyRCatchShopPageTest" name="verifyCreatedProduct" time="2.139"/>
</testsuite> <!-- easyr.qa.testCases.EasyRCatchShopPageTest -->
