<?xml version="1.0" encoding="UTF-8"?>
<!-- Generated by org.testng.reporters.JUnitReportReporter -->
<testsuite hostname="DESKTOP-SO5U9F0" failures="0" tests="2" name="easyr.qa.testCases.EasyROrganizationPageTest" time="11.589" errors="0" timestamp="2025-09-10T16:27:09 IST" skipped="0">
  <testcase classname="easyr.qa.testCases.EasyROrganizationPageTest" name="createOrganization" time="9.015"/>
  <testcase classname="easyr.qa.testCases.EasyROrganizationPageTest" name="verifyCreatedOrganization" time="2.574"/>
</testsuite> <!-- easyr.qa.testCases.EasyROrganizationPageTest -->
