<?xml version="1.0" encoding="UTF-8"?>
<!-- Generated by org.testng.reporters.JUnitReportReporter -->
<testsuite hostname="DESKTOP-SO5U9F0" failures="0" tests="1" name="easyr.qa.testCases.EasyRVendorPageTest" time="16.322" errors="0" timestamp="2025-09-09T11:08:19 IST" skipped="0">
  <testcase classname="easyr.qa.testCases.EasyRVendorPageTest" name="verifyCreatVendor" time="16.322"/>
</testsuite> <!-- easyr.qa.testCases.EasyRVendorPageTest -->
