<?xml version="1.0" encoding="UTF-8"?>
<!-- Generated by org.testng.reporters.JUnitReportReporter -->
<testsuite hostname="DESKTOP-SO5U9F0" failures="0" tests="2" name="easyr.qa.testCases.EasyROrganizationPageTest" time="13.792" errors="0" timestamp="2025-09-16T15:57:06 IST" skipped="0">
  <testcase classname="easyr.qa.testCases.EasyROrganizationPageTest" name="createOrganization" time="10.636"/>
  <testcase classname="easyr.qa.testCases.EasyROrganizationPageTest" name="verifyCreatedOrganization" time="3.156"/>
</testsuite> <!-- easyr.qa.testCases.EasyROrganizationPageTest -->
