<?xml version="1.0" encoding="UTF-8"?>
<!-- Generated by org.testng.reporters.JUnitReportReporter -->
<testsuite hostname="DESKTOP-SO5U9F0" failures="0" tests="1" name="easyr.qa.testCases.EasyRDonationPageTest" time="6.696" errors="0" timestamp="2025-09-10T17:56:22 IST" skipped="0">
  <testcase classname="easyr.qa.testCases.EasyRDonationPageTest" name="createDonation" time="6.696"/>
</testsuite> <!-- easyr.qa.testCases.EasyRDonationPageTest -->
