<?xml version="1.0" encoding="UTF-8"?>
<!-- Generated by org.testng.reporters.JUnitReportReporter -->
<testsuite hostname="DESKTOP-SO5U9F0" failures="0" tests="1" name="easyr.qa.testCases.EasyRDashboardPageTest" time="9.690" errors="0" timestamp="2025-09-08T15:40:35 IST" skipped="0">
  <testcase classname="easyr.qa.testCases.EasyRDashboardPageTest" name="verifyDahsboardPage" time="9.690"/>
</testsuite> <!-- easyr.qa.testCases.EasyRDashboardPageTest -->
