<?xml version="1.0" encoding="UTF-8"?>
<!-- Generated by org.testng.reporters.JUnitReportReporter -->
<testsuite hostname="DESKTOP-SO5U9F0" failures="0" tests="1" name="easyr.qa.testCases.EasyRVendorPageTest" time="9.720" errors="0" timestamp="2025-09-19T18:06:34 IST" skipped="0">
  <testcase classname="easyr.qa.testCases.EasyRVendorPageTest" name="clickOnViewVendorIcon" time="9.720"/>
</testsuite> <!-- easyr.qa.testCases.EasyRVendorPageTest -->
