<?xml version="1.0" encoding="UTF-8"?>
<!-- Generated by org.testng.reporters.JUnitReportReporter -->
<testsuite hostname="DESKTOP-SO5U9F0" failures="0" tests="1" name="easyr.qa.testCases.EasyRDashboardPageTest" time="15.653" errors="0" timestamp="2025-09-16T15:00:23 IST" skipped="0">
  <testcase classname="easyr.qa.testCases.EasyRDashboardPageTest" name="verifyDahsboardPage" time="15.653"/>
</testsuite> <!-- easyr.qa.testCases.EasyRDashboardPageTest -->
