<?xml version="1.0" encoding="UTF-8"?>
<!-- Generated by org.testng.reporters.JUnitReportReporter -->
<testsuite hostname="DESKTOP-SO5U9F0" failures="0" tests="41" name="easyr.qa.testCases.EasyRVendorPageTest" time="263.516" errors="0" timestamp="2025-10-13T13:01:29 IST" skipped="0">
  <testcase classname="easyr.qa.testCases.EasyRVendorPageTest" name="verifyVendorLogoValidation" time="1.981"/>
  <testcase classname="easyr.qa.testCases.EasyRVendorPageTest" name="verifyVendorProfileValidation" time="2.086"/>
  <testcase classname="easyr.qa.testCases.EasyRVendorPageTest" name="verifyVendorNameValidation" time="1.985"/>
  <testcase classname="easyr.qa.testCases.EasyRVendorPageTest" name="verifyCompanyNameFieldValidation" time="2.027"/>
  <testcase classname="easyr.qa.testCases.EasyRVendorPageTest" name="verifyEmailFieldValidation" time="1.924"/>
  <testcase classname="easyr.qa.testCases.EasyRVendorPageTest" name="verifyInvalidEmailFieldValidation" time="3.099"/>
  <testcase classname="easyr.qa.testCases.EasyRVendorPageTest" name="verifyMobileFieldValidation" time="2.117"/>
  <testcase classname="easyr.qa.testCases.EasyRVendorPageTest" name="verifyMobileNoFieldBlankSpaceValidation" time="3.156"/>
  <testcase classname="easyr.qa.testCases.EasyRVendorPageTest" name="verifyInvalidMobileNoFieldValidation" time="3.151"/>
  <testcase classname="easyr.qa.testCases.EasyRVendorPageTest" name="verifySelectAddressFieldValidation" time="1.926"/>
  <testcase classname="easyr.qa.testCases.EasyRVendorPageTest" name="verifyVendorCategoryFieldValidation" time="1.968"/>
  <testcase classname="easyr.qa.testCases.EasyRVendorPageTest" name="verifyBlankCompanyWebsiteFieldValidation" time="1.961"/>
  <testcase classname="easyr.qa.testCases.EasyRVendorPageTest" name="verifyInvalidCompanyWebsiteFieldValidation" time="2.182"/>
  <testcase classname="easyr.qa.testCases.EasyRVendorPageTest" name="verifyParentVendorFieldValidation" time="2.026"/>
  <testcase classname="easyr.qa.testCases.EasyRVendorPageTest" name="verifyDescInEnglishFieldValidation" time="2.033"/>
  <testcase classname="easyr.qa.testCases.EasyRVendorPageTest" name="verifyDescInDanishFieldValidation" time="2.038"/>
  <testcase classname="easyr.qa.testCases.EasyRVendorPageTest" name="verifyDescInArabicFieldValidation" time="2.070"/>
  <testcase classname="easyr.qa.testCases.EasyRVendorPageTest" name="verifySearchTagsFieldValidation" time="1.919"/>
  <testcase classname="easyr.qa.testCases.EasyRVendorPageTest" name="verifyCreatVendor" time="33.937"/>
  <testcase classname="easyr.qa.testCases.EasyRVendorPageTest" name="verifyDisplayedVendorActiveStatusToggle" time="8.991"/>
  <testcase classname="easyr.qa.testCases.EasyRVendorPageTest" name="verifyDisplayedVendorViewIcon" time="9.670"/>
  <testcase classname="easyr.qa.testCases.EasyRVendorPageTest" name="verifyDisplayedVendorAnalystIcon" time="6.042"/>
  <testcase classname="easyr.qa.testCases.EasyRVendorPageTest" name="verifyDisplayedVendorQRCodeIcon" time="5.994"/>
  <testcase classname="easyr.qa.testCases.EasyRVendorPageTest" name="verifyDisplayedVendorEditIcon" time="6.058"/>
  <testcase classname="easyr.qa.testCases.EasyRVendorPageTest" name="verifyDisplayedChangePwdIcon" time="6.141"/>
  <testcase classname="easyr.qa.testCases.EasyRVendorPageTest" name="verifyDisplayedDeleteIcon" time="5.983"/>
  <testcase classname="easyr.qa.testCases.EasyRVendorPageTest" name="clickOnViewVendorIcon" time="8.914"/>
  <testcase classname="easyr.qa.testCases.EasyRVendorPageTest" name="verifyVendorDetailsPageVendorName" time="9.203"/>
  <testcase classname="easyr.qa.testCases.EasyRVendorPageTest" name="verifyVendorDetailsPageCompanyName" time="9.207"/>
  <testcase classname="easyr.qa.testCases.EasyRVendorPageTest" name="verifyVendorDetailsPageVendorEmail" time="9.197"/>
  <testcase classname="easyr.qa.testCases.EasyRVendorPageTest" name="verifyVendorDetailsPageVendorCode" time="9.255"/>
  <testcase classname="easyr.qa.testCases.EasyRVendorPageTest" name="verifyVendorDetailsDescInEng" time="9.139"/>
  <testcase classname="easyr.qa.testCases.EasyRVendorPageTest" name="verifyVendorDetailsDescInDan" time="9.181"/>
  <testcase classname="easyr.qa.testCases.EasyRVendorPageTest" name="verifyVendorDetailsDescInArab" time="9.322"/>
  <testcase classname="easyr.qa.testCases.EasyRVendorPageTest" name="verrifyVendorDetailsVendorReportsTxt" time="8.963"/>
  <testcase classname="easyr.qa.testCases.EasyRVendorPageTest" name="verifyVendorDetailsVendorFeedbackTxt" time="9.113"/>
  <testcase classname="easyr.qa.testCases.EasyRVendorPageTest" name="veirfyVendorDetailsVendorReportData" time="9.133"/>
  <testcase classname="easyr.qa.testCases.EasyRVendorPageTest" name="clickAndVerifyVendorDetailsUserReviews" time="9.194"/>
  <testcase classname="easyr.qa.testCases.EasyRVendorPageTest" name="verifyVendorDetailsUserReviewsData" time="9.467"/>
  <testcase classname="easyr.qa.testCases.EasyRVendorPageTest" name="verifyClickOnUpdateVendorBtn" time="10.035"/>
  <testcase classname="easyr.qa.testCases.EasyRVendorPageTest" name="verifyUpdateVendorValidations" time="11.728"/>
</testsuite> <!-- easyr.qa.testCases.EasyRVendorPageTest -->
