<?xml version="1.0" encoding="UTF-8"?>
<!-- Generated by org.testng.reporters.JUnitReportReporter -->
<testsuite hostname="DESKTOP-SO5U9F0" failures="0" tests="1" name="easyr.qa.testCases.EasyRDashboardPageTest" time="15.324" errors="0" timestamp="2025-09-18T17:56:30 IST" skipped="0">
  <testcase classname="easyr.qa.testCases.EasyRDashboardPageTest" name="verifyDahsboardPage" time="15.324"/>
</testsuite> <!-- easyr.qa.testCases.EasyRDashboardPageTest -->
