<?xml version="1.0" encoding="UTF-8"?>
<!-- Generated by org.testng.reporters.JUnitReportReporter -->
<testsuite hostname="DESKTOP-SO5U9F0" failures="0" tests="1" name="easyr.qa.testCases.EasyRVendorPageTest" time="14.484" errors="0" timestamp="2025-10-29T15:56:17 IST" skipped="0">
  <testcase classname="easyr.qa.testCases.EasyRVendorPageTest" name="verifyUpdateVendorValidations" time="14.484"/>
</testsuite> <!-- easyr.qa.testCases.EasyRVendorPageTest -->
