<?xml version="1.0" encoding="UTF-8"?>
<!-- Generated by org.testng.reporters.JUnitReportReporter -->
<testsuite hostname="DESKTOP-SO5U9F0" failures="0" tests="8" name="easyr.qa.testCases.EasyRLoginTest" time="14.016" errors="0" timestamp="2025-09-19T12:07:37 IST" skipped="0">
  <testcase classname="easyr.qa.testCases.EasyRLoginTest" name="verifyFieldAndLogoOnLoginPage" time="1.042"/>
  <testcase classname="easyr.qa.testCases.EasyRLoginTest" name="verifyLoginFunctionality" time="4.500"/>
  <testcase classname="easyr.qa.testCases.EasyRLoginTest" name="testInvalidUsernameValidPwd" time="1.322"/>
  <testcase classname="easyr.qa.testCases.EasyRLoginTest" name="testInvalidPasswordValidUName" time="1.605"/>
  <testcase classname="easyr.qa.testCases.EasyRLoginTest" name="testEmptyUsernameValidPwd" time="1.116"/>
  <testcase classname="easyr.qa.testCases.EasyRLoginTest" name="testEmptyPasswordValidUName" time="1.756"/>
  <testcase classname="easyr.qa.testCases.EasyRLoginTest" name="invalidUNameInvalidPwd" time="1.419"/>
  <testcase classname="easyr.qa.testCases.EasyRLoginTest" name="clickOnLoginWithoutEnterCreds" time="1.256"/>
</testsuite> <!-- easyr.qa.testCases.EasyRLoginTest -->
