<?xml version="1.0" encoding="UTF-8"?>
<!-- Generated by org.testng.reporters.JUnitReportReporter -->
<testsuite hostname="DESKTOP-SO5U9F0" failures="0" tests="1" name="easyr.qa.testCases.EasyRSurveyPageTest" time="2.438" errors="0" timestamp="2025-09-16T18:27:40 IST" skipped="0">
  <testcase classname="easyr.qa.testCases.EasyRSurveyPageTest" name="verifySurvey" time="2.438"/>
</testsuite> <!-- easyr.qa.testCases.EasyRSurveyPageTest -->
