<?xml version="1.0" encoding="UTF-8"?>
<!-- Generated by org.testng.reporters.JUnitReportReporter -->
<testsuite hostname="DESKTOP-SO5U9F0" failures="0" tests="2" name="easyr.qa.testCases.EasyRDonationPageTest" time="18.679" errors="0" timestamp="2025-09-10T19:29:10 IST" skipped="0">
  <testcase classname="easyr.qa.testCases.EasyRDonationPageTest" name="createDonation" time="13.514"/>
  <testcase classname="easyr.qa.testCases.EasyRDonationPageTest" name="verifyCreatedDonationData" time="5.165"/>
</testsuite> <!-- easyr.qa.testCases.EasyRDonationPageTest -->
