<?xml version="1.0" encoding="UTF-8"?>
<!-- Generated by org.testng.reporters.JUnitReportReporter -->
<testsuite hostname="DESKTOP-SO5U9F0" failures="0" tests="1" name="easyr.qa.testCases.EasyRVendorPageTest" time="14.534" errors="0" timestamp="2025-10-03T11:48:24 IST" skipped="0">
  <testcase classname="easyr.qa.testCases.EasyRVendorPageTest" name="verifyClickOnUpdateVendorBtn" time="14.534"/>
</testsuite> <!-- easyr.qa.testCases.EasyRVendorPageTest -->
