<?xml version="1.0" encoding="UTF-8"?>
<!-- Generated by org.testng.reporters.JUnitReportReporter -->
<testsuite hostname="DESKTOP-SO5U9F0" failures="0" tests="1" name="easyr.qa.testCases.EasyRLoginTest" time="1.757" errors="0" timestamp="2025-09-08T12:36:17 IST" skipped="0">
  <testcase classname="easyr.qa.testCases.EasyRLoginTest" name="verifySignInText" time="1.757"/>
</testsuite> <!-- easyr.qa.testCases.EasyRLoginTest -->
