<?xml version="1.0" encoding="UTF-8"?>
<!-- Generated by org.testng.reporters.JUnitReportReporter -->
<testsuite hostname="DESKTOP-SO5U9F0" failures="0" tests="2" name="easyr.qa.testCases.EasyRCatchShopPageTest" time="26.158" errors="0" timestamp="2025-09-18T16:05:55 IST" skipped="0">
  <testcase classname="easyr.qa.testCases.EasyRCatchShopPageTest" name="verifyInventoryStoreProduct" time="23.049"/>
  <testcase classname="easyr.qa.testCases.EasyRCatchShopPageTest" name="verifyCreatedProduct" time="3.109"/>
</testsuite> <!-- easyr.qa.testCases.EasyRCatchShopPageTest -->
