<?xml version="1.0" encoding="UTF-8"?>
<!-- Generated by org.testng.reporters.JUnitReportReporter -->
<testsuite hostname="DESKTOP-SO5U9F0" failures="0" tests="1" name="easyr.qa.testCases.EasyROffersAndDealsPageTest" time="28.978" errors="0" timestamp="2025-09-09T17:28:19 IST" skipped="0">
  <testcase classname="easyr.qa.testCases.EasyROffersAndDealsPageTest" name="verifyOffersAndDealsFlow" time="28.978"/>
</testsuite> <!-- easyr.qa.testCases.EasyROffersAndDealsPageTest -->
