<?xml version="1.0" encoding="UTF-8"?>
<!-- Generated by org.testng.reporters.JUnitReportReporter -->
<testsuite hostname="DESKTOP-SO5U9F0" failures="0" tests="2" name="easyr.qa.testCases.EasyRDonationPageTest" time="16.658" errors="0" timestamp="2025-09-18T17:56:30 IST" skipped="0">
  <testcase classname="easyr.qa.testCases.EasyRDonationPageTest" name="createDonation" time="12.396"/>
  <testcase classname="easyr.qa.testCases.EasyRDonationPageTest" name="verifyCreatedDonationData" time="4.262"/>
</testsuite> <!-- easyr.qa.testCases.EasyRDonationPageTest -->
