<?xml version="1.0" encoding="UTF-8"?>
<!-- Generated by org.testng.reporters.JUnitReportReporter -->
<testsuite hostname="DESKTOP-SO5U9F0" failures="0" tests="2" name="easyr.qa.testCases.EasyROrganizationPageTest" time="13.106" errors="0" timestamp="2025-09-18T17:56:30 IST" skipped="0">
  <testcase classname="easyr.qa.testCases.EasyROrganizationPageTest" name="createOrganization" time="9.995"/>
  <testcase classname="easyr.qa.testCases.EasyROrganizationPageTest" name="verifyCreatedOrganization" time="3.111"/>
</testsuite> <!-- easyr.qa.testCases.EasyROrganizationPageTest -->
