<?xml version="1.0" encoding="UTF-8"?>
<!-- Generated by org.testng.reporters.JUnitReportReporter -->
<testsuite hostname="DESKTOP-SO5U9F0" failures="0" tests="2" name="easyr.qa.testCases.EasyRCatchShopPageTest" time="25.919" errors="0" timestamp="2025-09-16T15:55:09 IST" skipped="0">
  <testcase classname="easyr.qa.testCases.EasyRCatchShopPageTest" name="verifyInventoryStoreProduct" time="22.244"/>
  <testcase classname="easyr.qa.testCases.EasyRCatchShopPageTest" name="verifyCreatedProduct" time="3.675"/>
</testsuite> <!-- easyr.qa.testCases.EasyRCatchShopPageTest -->
