<?xml version="1.0" encoding="UTF-8"?>
<!-- Generated by org.testng.reporters.JUnitReportReporter -->
<testsuite hostname="DESKTOP-SO5U9F0" failures="0" tests="1" name="easyr.qa.testCases.EasyROffersAndDealsPageTest" time="14.689" errors="0" timestamp="2025-10-30T18:46:42 IST" skipped="0">
  <testcase classname="easyr.qa.testCases.EasyROffersAndDealsPageTest" name="verifyAllFieldValidationInsubDetails" time="14.689"/>
</testsuite> <!-- easyr.qa.testCases.EasyROffersAndDealsPageTest -->
