<?xml version="1.0" encoding="UTF-8"?>
<!-- Generated by org.testng.reporters.JUnitReportReporter -->
<testsuite hostname="DESKTOP-SO5U9F0" failures="0" tests="8" name="easyr.qa.testCases.EasyRLoginTest" time="24.606" errors="0" timestamp="2025-10-27T13:26:49 IST" skipped="0">
  <testcase classname="easyr.qa.testCases.EasyRLoginTest" name="verifyFieldAndLogoOnLoginPage" time="1.303"/>
  <testcase classname="easyr.qa.testCases.EasyRLoginTest" name="verifyLoginFunctionality" time="12.491"/>
  <testcase classname="easyr.qa.testCases.EasyRLoginTest" name="testInvalidUsernameValidPwd" time="1.808"/>
  <testcase classname="easyr.qa.testCases.EasyRLoginTest" name="testInvalidPasswordValidUName" time="2.049"/>
  <testcase classname="easyr.qa.testCases.EasyRLoginTest" name="testEmptyUsernameValidPwd" time="1.690"/>
  <testcase classname="easyr.qa.testCases.EasyRLoginTest" name="testEmptyPasswordValidUName" time="1.629"/>
  <testcase classname="easyr.qa.testCases.EasyRLoginTest" name="invalidUNameInvalidPwd" time="1.845"/>
  <testcase classname="easyr.qa.testCases.EasyRLoginTest" name="clickOnLoginWithoutEnterCreds" time="1.791"/>
</testsuite> <!-- easyr.qa.testCases.EasyRLoginTest -->
