<?xml version="1.0" encoding="UTF-8"?>
<!-- Generated by org.testng.reporters.JUnitReportReporter -->
<testsuite hostname="DESKTOP-SO5U9F0" failures="0" tests="2" name="easyr.qa.testCases.EasyROffersAndDealsPageTest" time="54.985" errors="0" timestamp="2025-09-16T15:53:11 IST" skipped="0">
  <testcase classname="easyr.qa.testCases.EasyROffersAndDealsPageTest" name="verifyOffersAndDealsFlow" time="31.545"/>
  <testcase classname="easyr.qa.testCases.EasyROffersAndDealsPageTest" name="verifyDataAfterOfferCreation" time="23.440"/>
</testsuite> <!-- easyr.qa.testCases.EasyROffersAndDealsPageTest -->
