<?xml version="1.0" encoding="UTF-8"?>
<!-- Generated by org.testng.reporters.JUnitReportReporter -->
<testsuite hostname="DESKTOP-SO5U9F0" failures="0" tests="3" name="easyr.qa.testCases.EasyRSurveyPageTest" time="35.498" errors="0" timestamp="2025-09-18T15:30:25 IST" skipped="0">
  <testcase classname="easyr.qa.testCases.EasyRSurveyPageTest" name="verifySurvey" time="22.606"/>
  <testcase classname="easyr.qa.testCases.EasyRSurveyPageTest" name="verifyCreatedSurveyOnListingPage" time="2.206"/>
  <testcase classname="easyr.qa.testCases.EasyRSurveyPageTest" name="verifyUserOfSendSurvey" time="10.686"/>
</testsuite> <!-- easyr.qa.testCases.EasyRSurveyPageTest -->
