<?xml version="1.0" encoding="UTF-8"?>
<!-- Generated by org.testng.reporters.JUnitReportReporter -->
<testsuite hostname="DESKTOP-SO5U9F0" failures="0" tests="1" name="easyr.qa.testCases.EasyROffersAndDealsPageTest" time="26.540" errors="0" timestamp="2025-10-30T19:11:09 IST" skipped="0">
  <testcase classname="easyr.qa.testCases.EasyROffersAndDealsPageTest" name="verifyEnterAllFieldDetailsInsubDetails" time="26.540"/>
</testsuite> <!-- easyr.qa.testCases.EasyROffersAndDealsPageTest -->
