<?xml version="1.0" encoding="UTF-8"?>
<!-- Generated by org.testng.reporters.JUnitReportReporter -->
<testsuite hostname="DESKTOP-SO5U9F0" failures="0" tests="2" name="easyr.qa.testCases.EasyRSurveyPageTest" time="25.221" errors="0" timestamp="2025-09-18T14:49:26 IST" skipped="0">
  <testcase classname="easyr.qa.testCases.EasyRSurveyPageTest" name="verifySurvey" time="22.922"/>
  <testcase classname="easyr.qa.testCases.EasyRSurveyPageTest" name="verifyCreatedSurveyOnListingPage" time="2.299"/>
</testsuite> <!-- easyr.qa.testCases.EasyRSurveyPageTest -->
