<?xml version="1.0" encoding="UTF-8"?>
<!-- Generated by org.testng.reporters.JUnitReportReporter -->
<testsuite hostname="DESKTOP-SO5U9F0" failures="0" tests="2" name="easyr.qa.testCases.EasyROffersAndDealsPageTest" time="56.792" errors="0" timestamp="2025-09-09T19:14:32 IST" skipped="0">
  <testcase classname="easyr.qa.testCases.EasyROffersAndDealsPageTest" name="verifyOffersAndDealsFlow" time="35.887"/>
  <testcase classname="easyr.qa.testCases.EasyROffersAndDealsPageTest" name="verifyDataAfterOfferCreation" time="20.905"/>
</testsuite> <!-- easyr.qa.testCases.EasyROffersAndDealsPageTest -->
